make --dry-run --keep-going --print-directory
make: Entering directory `/Users/danielsequeira/Desktop/Philosophers'
/Applications/Xcode.app/Contents/Developer/usr/bin/make -C ./libft --silent
 
make[1]: Entering directory `/Users/danielsequeira/Desktop/Philosophers/libft'
gcc -Wall -Wextra -Werror -Ilibft.h -c ft_isascii.c -o ft_isascii.o
 
gcc -Wall -Wextra -Werror -Ilibft.h -c ft_isprint.c -o ft_isprint.o
gcc -Wall -Wextra -Werror -Ilibft.h -c ft_isalpha.c -o ft_isalpha.o
gcc -Wall -Wextra -Werror -Ilibft.h -c ft_isdigit.c -o ft_isdigit.o
gcc -Wall -Wextra -Werror -Ilibft.h -c ft_isalnum.c -o ft_isalnum.o
 
gcc -Wall -Wextra -Werror -Ilibft.h -c ft_tolower.c -o ft_tolower.o
gcc -Wall -Wextra -Werror -Ilibft.h -c ft_toupper.c -o ft_toupper.o
 
gcc -Wall -Wextra -Werror -Ilibft.h -c ft_strlen.c -o ft_strlen.o
gcc -Wall -Wextra -Werror -Ilibft.h -c ft_strlcpy.c -o ft_strlcpy.o
 
gcc -Wall -Wextra -Werror -Ilibft.h -c ft_strlcat.c -o ft_strlcat.o
 
gcc -Wall -Wextra -Werror -Ilibft.h -c ft_strchr.c -o ft_strchr.o
gcc -Wall -Wextra -Werror -Ilibft.h -c ft_strrchr.c -o ft_strrchr.o
 
gcc -Wall -Wextra -Werror -Ilibft.h -c ft_strnstr.c -o ft_strnstr.o
 
gcc -Wall -Wextra -Werror -Ilibft.h -c ft_strncmp.c -o ft_strncmp.o
gcc -Wall -Wextra -Werror -Ilibft.h -c ft_atoi.c -o ft_atoi.o
 
gcc -Wall -Wextra -Werror -Ilibft.h -c ft_memset.c -o ft_memset.o
 
gcc -Wall -Wextra -Werror -Ilibft.h -c ft_bzero.c -o ft_bzero.o
 
gcc -Wall -Wextra -Werror -Ilibft.h -c ft_memcpy.c -o ft_memcpy.o
 
gcc -Wall -Wextra -Werror -Ilibft.h -c ft_memmove.c -o ft_memmove.o
gcc -Wall -Wextra -Werror -Ilibft.h -c ft_striteri.c -o ft_striteri.o
 
gcc -Wall -Wextra -Werror -Ilibft.h -c ft_memchr.c -o ft_memchr.o
 
gcc -Wall -Wextra -Werror -Ilibft.h -c ft_memcmp.c -o ft_memcmp.o
 
gcc -Wall -Wextra -Werror -Ilibft.h -c ft_strdup.c -o ft_strdup.o
gcc -Wall -Wextra -Werror -Ilibft.h -c ft_calloc.c -o ft_calloc.o
 
gcc -Wall -Wextra -Werror -Ilibft.h -c ft_itoa.c -o ft_itoa.o
 
gcc -Wall -Wextra -Werror -Ilibft.h -c ft_putchar_fd.c -o ft_putchar_fd.o
 
gcc -Wall -Wextra -Werror -Ilibft.h -c ft_putstr_fd.c -o ft_putstr_fd.o
gcc -Wall -Wextra -Werror -Ilibft.h -c ft_putendl_fd.c -o ft_putendl_fd.o
 
gcc -Wall -Wextra -Werror -Ilibft.h -c ft_putnbr_fd.c -o ft_putnbr_fd.o
 
gcc -Wall -Wextra -Werror -Ilibft.h -c ft_substr.c -o ft_substr.o
 
gcc -Wall -Wextra -Werror -Ilibft.h -c ft_strjoin.c -o ft_strjoin.o
 
gcc -Wall -Wextra -Werror -Ilibft.h -c ft_strtrim.c -o ft_strtrim.o
gcc -Wall -Wextra -Werror -Ilibft.h -c ft_split.c -o ft_split.o
 
gcc -Wall -Wextra -Werror -Ilibft.h -c ft_strmapi.c -o ft_strmapi.o
 
ar -rcs libft.a ft_isascii.o ft_isprint.o ft_isalpha.o ft_isdigit.o ft_isalnum.o ft_tolower.o ft_toupper.o ft_strlen.o ft_strlcpy.o ft_strlcat.o ft_strchr.o ft_strrchr.o ft_strnstr.o ft_strncmp.o ft_atoi.o ft_memset.o ft_bzero.o ft_memcpy.o ft_memmove.o ft_striteri.o ft_memchr.o ft_memcmp.o ft_strdup.o ft_calloc.o ft_itoa.o ft_putchar_fd.o ft_putstr_fd.o ft_putendl_fd.o ft_putnbr_fd.o ft_substr.o ft_strjoin.o ft_strtrim.o ft_split.o ft_strmapi.o
ranlib libft.a
make[1]: Leaving directory `/Users/danielsequeira/Desktop/Philosophers/libft'
 
mkdir -p ./build
mkdir -p ./build/objs 
 
gcc -I./incs -I./libft -Wall -Wextra -Werror -pthread -c src/main.c -o build/objs/main.o
printf "\033[36m[Building main.o]\033[0m\n"
 
gcc -I./incs -I./libft -Wall -Wextra -Werror -pthread -c src/argparser.c -o build/objs/argparser.o
printf "\033[36m[Building argparser.o]\033[0m\n"
 
gcc -I./incs -I./libft -Wall -Wextra -Werror -pthread -c src/init.c -o build/objs/init.o
printf "\033[36m[Building init.o]\033[0m\n"
 
gcc -I./incs -I./libft -Wall -Wextra -Werror -pthread -c src/prints.c -o build/objs/prints.o
printf "\033[36m[Building prints.o]\033[0m\n"
 
gcc -I./incs -I./libft -Wall -Wextra -Werror -pthread -c src/actions.c -o build/objs/actions.o
printf "\033[36m[Building actions.o]\033[0m\n"
 
gcc -I./incs -I./libft -Wall -Wextra -Werror -pthread -c src/time.c -o build/objs/time.o
printf "\033[36m[Building time.o]\033[0m\n"
gcc -Wall -Wextra -Werror -pthread ./libft/libft.a -I./incs -I./libft -o philosophers libft/libft.a build/objs/main.o build/objs/argparser.o build/objs/init.o build/objs/prints.o build/objs/actions.o build/objs/time.o -I./incs
printf "\033[44m[Philo built!]\033[0m\n"
 
make: Leaving directory `/Users/danielsequeira/Desktop/Philosophers'
 
