make all --print-data-base --no-builtin-variables --no-builtin-rules --question
# GNU Make 4.3
# Built for x86_64-unknown-linux-gnu
# Copyright (C) 1988-2020 Free Software Foundation, Inc.
# License GPLv3+: GNU GPL version 3 or later <http://gnu.org/licenses/gpl.html>
# This is free software: you are free to change and redistribute it.
# There is NO WARRANTY, to the extent permitted by law.

# Make data base, printed on Tue Aug  9 18:55:24 2022

# Variables

# makefile (from 'Makefile', line 25)
OBJ :=   ./build/objs/main.o  ./build/objs/argparser.o  ./build/objs/init.o  ./build/objs/prints.o  ./build/objs/actions.o  ./build/objs/time.o 
# makefile (from 'Makefile', line 15)
PATH_OBJS := ./build/objs
# environment
GDK_BACKEND = x11
# environment
LC_ALL = C
# makefile (from 'Makefile', line 12)
PATH_INCLUDES := ./incs
# environment
GJS_DEBUG_OUTPUT = stderr
# environment
GNOME_KEYRING_CONTROL = /nfs/homes/dmarceli/.cache/keyring-U8UMQ1
# environment
SBX_CHROME_API_RQ = 1
# environment
VSCODE_CWD = /nfs/homes/dmarceli
# environment
LIBVIRT_DEFAULT_URI = qemu:///system
# default
MAKE_COMMAND := make
# environment
QT_ACCESSIBILITY = 1
# automatic
@D = $(patsubst %/,%,$(dir $@))
# environment
VSCODE_HANDLES_UNCAUGHT_ERRORS = true
# default
.VARIABLES := 
# environment
PWD = /nfs/homes/dmarceli/Desktop/42_Cursus_Philosophers
# environment
ZYPAK_ZYGOTE_STRATEGY_SPAWN = 1
# automatic
%D = $(patsubst %/,%,$(dir $%))
# environment
GI_TYPELIB_PATH = /app/lib/girepository-1.0
# environment
XDG_DATA_DIRS = /app/share:/usr/share:/usr/share/runtime/share:/run/host/user-share:/run/host/share
# makefile (from 'Makefile', line 14)
PATH_BUILD := ./build
# automatic
^D = $(patsubst %/,%,$(dir $^))
# automatic
%F = $(notdir $%)
# environment
VSCODE_CODE_CACHE_PATH = /nfs/homes/dmarceli/.var/app/com.visualstudio.code/config/Code/CachedData/3b889b090b5ad5793f524b5d1d39fda662b96a2a
# environment
XDG_SESSION_PATH = /org/freedesktop/DisplayManager/Session26
# environment
LANG = C
# environment
XAUTHORITY = /run/flatpak/Xauthority
# default
.LOADED := 
# default
.INCLUDE_DIRS = /usr/include /usr/include
# environment
ALSA_CONFIG_DIR = /usr/share/alsa
# makefile
MAKEFLAGS = pqrR
# environment
ZYPAK_SPAWN_LATEST_ON_REEXEC = 0
# makefile (from 'Makefile', line 11)
PATH_SRC := ./src
# makefile
CURDIR := /nfs/homes/dmarceli/Desktop/42_Cursus_Philosophers
# environment
APPLICATION_INSIGHTS_NO_DIAGNOSTIC_CHANNEL = true
# makefile (from 'Makefile', line 18)
SRCS := ./src/main.c ./src/argparser.c ./src/init.c ./src/prints.c ./src/actions.c ./src/time.c 
# automatic
*D = $(patsubst %/,%,$(dir $*))
# environment
ZYPAK_LIB = /app/bin/../lib
# environment
MFLAGS = -pqrR
# environment
SSH_AUTH_SOCK = /run/flatpak/ssh-auth
# default
.SHELLFLAGS := -c
# environment
XDG_CONFIG_DIRS = /app/etc/xdg:/etc/xdg
# automatic
+D = $(patsubst %/,%,$(dir $+))
# environment
ALSA_CONFIG_PATH = /usr/share/alsa/alsa-flatpak.conf
# environment
XDG_SESSION_DESKTOP = ubuntu
# makefile (from 'Makefile', line 1)
MAKEFILE_LIST := Makefile
# environment
FLATPAK_SANDBOX_DIR = /nfs/homes/dmarceli/.var/app/com.visualstudio.code/sandbox
# automatic
@F = $(notdir $@)
# environment
VSCODE_PID = 23
# environment
KRB5CCNAME = FILE:/tmp/krb5cc_10520_JhUiQc
# environment
XDG_SESSION_TYPE = x11
# automatic
?D = $(patsubst %/,%,$(dir $?))
# environment
AT_SPI_BUS_ADDRESS = unix:path=/run/flatpak/at-spi-bus
# environment
XDG_DATA_HOME = /nfs/homes/dmarceli/.var/app/com.visualstudio.code/data
# environment
SANDBOX_LD_PRELOAD = /app/bin/../lib/libzypak-preload-host.so:/app/bin/../lib/libzypak-preload-host-spawn-strategy.so
# environment
SESSION_MANAGER = local/c2r5s2.42lisboa.com:@/tmp/.ICE-unix/878996,unix/c2r5s2.42lisboa.com:/tmp/.ICE-unix/878996
# automatic
*F = $(notdir $*)
# environment
CHROME_DESKTOP = code-url-handler.desktop
# environment
DBUS_SESSION_BUS_ADDRESS = unix:path=/run/flatpak/bus
# automatic
<D = $(patsubst %/,%,$(dir $<))
# environment
VSCODE_NLS_CONFIG = {"locale":"en-us","availableLanguages":{},"_languagePackSupport":true}
# environment
__EGL_EXTERNAL_PLATFORM_CONFIG_DIRS = /etc/egl/egl_external_platform.d:/usr/lib/x86_64-linux-gnu/GL/egl/egl_external_platform.d:/usr/share/egl/egl_external_platform.d
# default
MAKE_HOST := x86_64-unknown-linux-gnu
# environment
GNOME_DESKTOP_SESSION_ID = this-is-deprecated
# makefile
SHELL = /bin/sh
# default
MAKECMDGOALS := all
# environment
XMODIFIERS = @im=ibus
# environment
LD_LIBRARY_PATH = /app/lib
# environment
GJS_DEBUG_TOPICS = JS ERROR;JS LOG
# environment
SANDBOX_LD_LIBRARY_PATH = /app/lib
# environment
SHLVL = 0
# environment
MAKELEVEL := 0
# default
MAKE = $(MAKE_COMMAND)
# environment
PATH = /app/bin:/app/bin:/app/bin:/usr/bin:/nfs/homes/dmarceli/.var/app/com.visualstudio.code/data/node_modules/bin
# default
MAKEFILES := 
# automatic
^F = $(notdir $^)
# environment
DBUS_SYSTEM_BUS_ADDRESS = unix:path=/run/dbus/system_bus_socket
# makefile (from 'Makefile', line 2)
YELLOW = \e[38;5;226m
# environment
XDG_CONFIG_HOME = /nfs/homes/dmarceli/.var/app/com.visualstudio.code/config
# makefile (from 'Makefile', line 13)
INCS := -I./incs 
# makefile (from 'Makefile', line 1)
GREEN = \e[38;5;118m
# environment
DOCKER_HOST = unix:///run/user/10520/docker.sock
# automatic
?F = $(notdir $?)
# makefile (from 'Makefile', line 6)
NAME := philo
# environment
XDG_CURRENT_DESKTOP = Unity
# automatic
+F = $(notdir $+)
# environment
XDG_SEAT_PATH = /org/freedesktop/DisplayManager/Seat0
# environment
DESKTOP_SESSION = ubuntu
# environment
GST_PLUGIN_SYSTEM_PATH = /app/lib/gstreamer-1.0:/usr/lib/extensions/gstreamer-1.0:/usr/lib/x86_64-linux-gnu/gstreamer-1.0
# environment
ORIGINAL_XDG_CURRENT_DESKTOP = ubuntu:GNOME
# 'override' directive
GNUMAKEFLAGS := 
# environment
LOGNAME = dmarceli
# environment
container = flatpak
# environment
GIO_LAUNCHED_DESKTOP_FILE = /var/lib/flatpak/exports/share/applications/com.visualstudio.code.desktop
# makefile
.DEFAULT_GOAL := all
# makefile (from 'Makefile', line 3)
RED = \e[0;31m
# environment
NPM_CONFIG_GLOBALCONFIG = /app/etc/npmrc
# environment
GTK_MODULES = gail:atk-bridge
# environment
USER = dmarceli
# environment
DISPLAY = :99.0
# default
MAKE_VERSION := 4.3
# environment
GIO_LAUNCHED_DESKTOP_FILE_PID = 888322
# environment
SSH_AGENT_PID = 879095
# environment
_ = /usr/bin/make
# makefile (from 'Makefile', line 4)
RESET = \e[0m
# makefile (from 'Makefile', line 17)
BIN := ./philo
# environment
XDG_RUNTIME_DIR = /run/user/10520
# makefile (from 'Makefile', line 9)
CFLAGS := -Wall -Wextra -Werror -fsanitize=thread -g
# environment
GPG_AGENT_INFO = /run/user/10520/gnupg/S.gpg-agent:0:1
# environment
VSCODE_AMD_ENTRYPOINT = vs/workbench/api/node/extensionHostProcess
# environment
HOME = /nfs/homes/dmarceli
# environment
QT_IM_MODULE = ibus
# environment
ELECTRON_RUN_AS_NODE = 1
# environment
VSCODE_IPC_HOOK = /run/user/10520/vscode-6f355980-1.69.2-main.sock
# default
.RECIPEPREFIX := 
# automatic
<F = $(notdir $<)
# default
SUFFIXES := 
# environment
XDG_CACHE_HOME = /nfs/homes/dmarceli/.var/app/com.visualstudio.code/cache
# environment
VSCODE_CLI = 1
# environment
ELECTRON_NO_ATTACH_CONSOLE = 1
# environment
XDG_GREETER_DATA_DIR = /var/lib/lightdm-data/dmarceli
# default
.FEATURES := target-specific order-only second-expansion else-if shortest-stem undefine oneshell nocomment grouped-target extra-prereqs archives jobserver output-sync check-symlink load
# makefile (from 'Makefile', line 8)
CC := gcc
# environment
FLATPAK_ID = com.visualstudio.code
# environment
XDG_MENU_PREFIX = gnome-
# environment
ZYPAK_BIN = /app/bin
# environment
GDMSESSION = ubuntu
# variable set hash-table stats:
# Load=127/1024=12%, Rehash=0, Collisions=24/174=14%

# Pattern-specific Variable Values

# No pattern-specific variable values.

# Directories

# src (device 64768, inode 8393998): 8 files, no impossibilities so far.
# . (device 64768, inode 8018677): 12 files, no impossibilities.

# 20 files, no impossibilities in 2 directories.

# Implicit Rules

build/objs/%.o: src/%.c | build
#  recipe to execute (from 'Makefile', line 36):
		@$(CC) $(INCS) $(CFLAGS) -c $(^) -o $@
		@printf "\033[36m[Building ${@F}]\033[0m\n"

# 1 implicit rules, 0 (0.0%) terminal.
# Files

build/objs/time.o: src/time.c | build
#  Implicit rule search has been done.
#  Implicit/static pattern stem: 'time'
 
#  Last modified 2022-08-09 18:55:11.240234197
#  File has been updated.
#  Successfully updated.
#  recipe to execute (from 'Makefile', line 36):
		@$(CC) $(INCS) $(CFLAGS) -c $(^) -o $@
		@printf "\033[36m[Building ${@F}]\033[0m\n"

build/objs/actions.o: src/actions.c | build
#  Implicit rule search has been done.
#  Implicit/static pattern stem: 'actions'
#  Last modified 2022-08-09 18:55:11.212234218
#  File has been updated.
#  Successfully updated.
#  recipe to execute (from 'Makefile', line 36):
		@$(CC) $(INCS) $(CFLAGS) -c $(^) -o $@
		@printf "\033[36m[Building ${@F}]\033[0m\n"

# Not a target:
Makefile:
#  Implicit rule search has been done.
#  Last modified 2022-08-09 18:55:09.560235475
#  File has been updated.
#  Successfully updated.

# Not a target:
src/time.c:
#  Implicit rule search has been done.
#  Last modified 2022-08-09 17:59:29.665858645
#  File has been updated.
#  Successfully updated.

clean:
#  Implicit rule search has not been done.
#  Modification time never checked.
#  File has not been updated.
#  recipe to execute (from 'Makefile', line 45):
		@printf "\033[38;5;1m[Cleaning objects!]\033[0m\n"
		@rm -rf $(PATH_OBJS)

# Not a target:
src/argparser.c:
#  Implicit rule search has been done.
#  Last modified 2022-08-09 17:17:23.986890825
#  File has been updated.
#  Successfully updated.

# Not a target:
src/main.c:
#  Implicit rule search has been done.
#  Last modified 2022-08-09 17:33:31.524935311
#  File has been updated.
#  Successfully updated.

re: fclean all
#  Implicit rule search has not been done.
#  Modification time never checked.
#  File has not been updated.

build/objs/main.o: src/main.c | build
#  Implicit rule search has been done.
#  Implicit/static pattern stem: 'main'
#  Last modified 2022-08-09 18:55:11.072234325
#  File has been updated.
#  Successfully updated.
#  recipe to execute (from 'Makefile', line 36):
		@$(CC) $(INCS) $(CFLAGS) -c $(^) -o $@
		@printf "\033[36m[Building ${@F}]\033[0m\n"

build/objs/init.o: src/init.c | build
#  Implicit rule search has been done.
#  Implicit/static pattern stem: 'init'
#  Last modified 2022-08-09 18:55:11.140234273
#  File has been updated.
#  Successfully updated.
#  recipe to execute (from 'Makefile', line 36):
		@$(CC) $(INCS) $(CFLAGS) -c $(^) -o $@
		@printf "\033[36m[Building ${@F}]\033[0m\n"

# Not a target:
src/prints.c:
#  Implicit rule search has been done.
#  Last modified 2022-08-09 18:53:57.26028963
#  File has been updated.
#  Successfully updated.

# Not a target:
.DEFAULT:
#  Implicit rule search has not been done.
#  Modification time never checked.
#  File has not been updated.

all: philo
#  Command line target.
#  Implicit rule search has been done.
#  File does not exist.
#  File has been updated.
#  Successfully updated.

fclean: clean
#  Implicit rule search has not been done.
#  Modification time never checked.
#  File has not been updated.
#  recipe to execute (from 'Makefile', line 49):
		@rm -rf $(PATH_BUILD) $(NAME)
		@rm -rf $(BIN)
		@printf "\033[38;5;1m[Cleaning Bin!]\033[0m\n"

build:
#  Implicit rule search has not been done.
#  Last modified 2022-08-09 18:55:11.048234343
#  File has been updated.
#  Successfully updated.
#  recipe to execute (from 'Makefile', line 41):
		@mkdir -p $(PATH_BUILD)
		@mkdir -p $(PATH_OBJS) 

build/objs/argparser.o: src/argparser.c | build
#  Implicit rule search has been done.
#  Implicit/static pattern stem: 'argparser'
#  Last modified 2022-08-09 18:55:11.108234297
#  File has been updated.
#  Successfully updated.
#  recipe to execute (from 'Makefile', line 36):
		@$(CC) $(INCS) $(CFLAGS) -c $(^) -o $@
		@printf "\033[36m[Building ${@F}]\033[0m\n"

# Not a target:
src/actions.c:
#  Implicit rule search has been done.
#  Last modified 2022-08-09 18:53:29.824309704
#  File has been updated.
#  Successfully updated.

build/objs/prints.o: src/prints.c | build
#  Implicit rule search has been done.
#  Implicit/static pattern stem: 'prints'
#  Last modified 2022-08-09 18:55:11.172234249
#  File has been updated.
#  Successfully updated.
#  recipe to execute (from 'Makefile', line 36):
		@$(CC) $(INCS) $(CFLAGS) -c $(^) -o $@
		@printf "\033[36m[Building ${@F}]\033[0m\n"

philo: build/objs/main.o build/objs/argparser.o build/objs/init.o build/objs/prints.o build/objs/actions.o build/objs/time.o
#  Implicit rule search has not been done.
#  Last modified 2022-08-09 18:55:11.28823416
#  File has been updated.
#  Successfully updated.
#  recipe to execute (from 'Makefile', line 30):
		@$(CC) $(CFLAGS) $(LIBFT) $(INCS) -o $(@) $^ -I$(PATH_INCLUDES)
		@printf "\033[44m[Philo built!]\033[0m\n"

# Not a target:
src/init.c:
#  Implicit rule search has been done.
#  Last modified 2022-08-09 18:50:02.636451069
#  File has been updated.
#  Successfully updated.

# files hash-table stats:
# Load=21/1024=2%, Rehash=0, Collisions=0/73=0%
# VPATH Search Paths

# No 'vpath' search paths.

# No general ('VPATH' variable) search path.

# strcache buffers: 1 (0) / strings = 45 / storage = 447 B / avg = 9 B
# current buf: size = 8162 B / used = 447 B / count = 45 / avg = 9 B

# strcache performance: lookups = 84 / hit rate = 46%
# hash-table stats:
# Load=45/8192=1%, Rehash=0, Collisions=0/84=0%
# Finished Make data base on Tue Aug  9 18:55:24 2022

 
